<?xml version="1.0" encoding="UTF-8"?>
<testsuite name="org.springframework.samples.petclinic.model.ValidatorTests" tests="1" skipped="0" failures="0" errors="0" timestamp="2019-10-14T18:21:15" hostname="GGM-PC" time="0.636">
  <properties/>
  <testcase name="shouldNotValidateWhenFirstNameEmpty" classname="org.springframework.samples.petclinic.model.ValidatorTests" time="0.636"/>
  <system-out><![CDATA[15:21:15.821 [Test worker] DEBUG org.jboss.logging - Logging Provider: org.jboss.logging.Log4j2LoggerProvider
15:21:15.827 [Test worker] INFO org.hibernate.validator.internal.util.Version - HV000001: Hibernate Validator 6.0.17.Final
15:21:15.841 [Test worker] DEBUG org.hibernate.validator.internal.engine.resolver.TraversableResolvers - Found javax.persistence.Persistence on classpath containing 'getPersistenceUtil'. Assuming JPA 2 environment. Trying to instantiate JPA aware TraversableResolver
15:21:15.842 [Test worker] DEBUG org.hibernate.validator.internal.engine.resolver.TraversableResolvers - Instantiated JPA aware TraversableResolver of type org.hibernate.validator.internal.engine.resolver.JPATraversableResolver.
15:21:15.858 [Test worker] DEBUG org.hibernate.validator.messageinterpolation.ResourceBundleMessageInterpolator - Loaded expression factory via original TCCL
15:21:15.859 [Test worker] DEBUG org.hibernate.validator.internal.engine.ConfigurationImpl - Setting custom MessageInterpolator of type org.springframework.validation.beanvalidation.LocaleContextMessageInterpolator
15:21:15.859 [Test worker] DEBUG org.hibernate.validator.internal.engine.ConfigurationImpl - Setting custom ParameterNameProvider of type org.springframework.validation.beanvalidation.LocalValidatorFactoryBean$1
15:21:15.864 [Test worker] DEBUG org.hibernate.validator.internal.xml.config.ValidationXmlParser - Trying to load META-INF/validation.xml for XML based Validator configuration.
15:21:15.865 [Test worker] DEBUG org.hibernate.validator.internal.xml.config.ResourceLoaderHelper - Trying to load META-INF/validation.xml via TCCL
15:21:15.865 [Test worker] DEBUG org.hibernate.validator.internal.xml.config.ResourceLoaderHelper - Trying to load META-INF/validation.xml via Hibernate Validator's class loader
15:21:15.866 [Test worker] DEBUG org.hibernate.validator.internal.xml.config.ValidationXmlParser - No META-INF/validation.xml found. Using annotation based configuration only.
15:21:16.026 [Test worker] DEBUG org.hibernate.validator.internal.engine.ValidatorFactoryImpl - HV000234: Using org.springframework.validation.beanvalidation.LocaleContextMessageInterpolator as ValidatorFactory-scoped message interpolator.
15:21:16.026 [Test worker] DEBUG org.hibernate.validator.internal.engine.ValidatorFactoryImpl - HV000234: Using org.hibernate.validator.internal.engine.resolver.JPATraversableResolver as ValidatorFactory-scoped traversable resolver.
15:21:16.027 [Test worker] DEBUG org.hibernate.validator.internal.engine.ValidatorFactoryImpl - HV000234: Using org.hibernate.validator.internal.util.ExecutableParameterNameProvider as ValidatorFactory-scoped parameter name provider.
15:21:16.027 [Test worker] DEBUG org.hibernate.validator.internal.engine.ValidatorFactoryImpl - HV000234: Using org.hibernate.validator.internal.engine.DefaultClockProvider as ValidatorFactory-scoped clock provider.
15:21:16.027 [Test worker] DEBUG org.hibernate.validator.internal.engine.ValidatorFactoryImpl - HV000234: Using org.hibernate.validator.internal.engine.scripting.DefaultScriptEvaluatorFactory as ValidatorFactory-scoped script evaluator factory.
15:21:16.193 [Test worker] DEBUG org.hibernate.validator.resourceloading.PlatformResourceBundleLocator - ValidationMessages not found.
15:21:16.195 [Test worker] DEBUG org.hibernate.validator.resourceloading.PlatformResourceBundleLocator - ContributorValidationMessages not found.
15:21:16.197 [Test worker] DEBUG org.hibernate.validator.resourceloading.PlatformResourceBundleLocator - org.hibernate.validator.ValidationMessages found.
]]></system-out>
  <system-err><![CDATA[]]></system-err>
</testsuite>
