<?xml version="1.0" encoding="UTF-8"?>
<testsuite name="org.springframework.samples.petclinic.system.CrashControllerTests" tests="1" skipped="1" failures="0" errors="0" timestamp="2019-10-14T18:21:27" hostname="GGM-PC" time="0.0">
  <properties/>
  <testcase name="testTriggerException" classname="org.springframework.samples.petclinic.system.CrashControllerTests" time="0.0">
    <skipped/>
  </testcase>
  <system-out><![CDATA[2019-10-14 15:21:27.866  INFO 16120 --- [    Test worker] .b.t.a.w.s.WebMvcTestContextBootstrapper : Neither @ContextConfiguration nor @ContextHierarchy found for test class [org.springframework.samples.petclinic.system.CrashControllerTests], using SpringBootContextLoader
2019-10-14 15:21:27.867  INFO 16120 --- [    Test worker] o.s.t.c.support.AbstractContextLoader    : Could not detect default resource locations for test class [org.springframework.samples.petclinic.system.CrashControllerTests]: no resource found for suffixes {-context.xml, Context.groovy}.
2019-10-14 15:21:27.867  INFO 16120 --- [    Test worker] t.c.s.AnnotationConfigContextLoaderUtils : Could not detect default configuration classes for test class [org.springframework.samples.petclinic.system.CrashControllerTests]: CrashControllerTests does not declare any static, non-private, non-final, nested classes annotated with @Configuration.
2019-10-14 15:21:27.875  INFO 16120 --- [    Test worker] .b.t.c.SpringBootTestContextBootstrapper : Found @SpringBootConfiguration org.springframework.samples.petclinic.PetClinicApplication for test class org.springframework.samples.petclinic.system.CrashControllerTests
2019-10-14 15:21:27.876  INFO 16120 --- [    Test worker] .b.t.a.w.s.WebMvcTestContextBootstrapper : Loaded default TestExecutionListener class names from location [META-INF/spring.factories]: [org.springframework.boot.test.autoconfigure.restdocs.RestDocsTestExecutionListener, org.springframework.boot.test.autoconfigure.web.client.MockRestServiceServerResetTestExecutionListener, org.springframework.boot.test.autoconfigure.web.servlet.MockMvcPrintOnlyOnFailureTestExecutionListener, org.springframework.boot.test.autoconfigure.web.servlet.WebDriverTestExecutionListener, org.springframework.boot.test.mock.mockito.MockitoTestExecutionListener, org.springframework.boot.test.mock.mockito.ResetMocksTestExecutionListener, org.springframework.test.context.web.ServletTestExecutionListener, org.springframework.test.context.support.DirtiesContextBeforeModesTestExecutionListener, org.springframework.test.context.support.DependencyInjectionTestExecutionListener, org.springframework.test.context.support.DirtiesContextTestExecutionListener, org.springframework.test.context.transaction.TransactionalTestExecutionListener, org.springframework.test.context.jdbc.SqlScriptsTestExecutionListener]
2019-10-14 15:21:27.876  INFO 16120 --- [    Test worker] .b.t.a.w.s.WebMvcTestContextBootstrapper : Using TestExecutionListeners: [org.springframework.test.context.web.ServletTestExecutionListener@162f9c6d, org.springframework.test.context.support.DirtiesContextBeforeModesTestExecutionListener@3dad3172, org.springframework.boot.test.mock.mockito.MockitoTestExecutionListener@4070060d, org.springframework.boot.test.autoconfigure.SpringBootDependencyInjectionTestExecutionListener@205d96b5, org.springframework.test.context.support.DirtiesContextTestExecutionListener@4afbba27, org.springframework.test.context.transaction.TransactionalTestExecutionListener@1e0924ab, org.springframework.test.context.jdbc.SqlScriptsTestExecutionListener@5e890909, org.springframework.boot.test.autoconfigure.restdocs.RestDocsTestExecutionListener@122dc453, org.springframework.boot.test.autoconfigure.web.client.MockRestServiceServerResetTestExecutionListener@5107eb3, org.springframework.boot.test.autoconfigure.web.servlet.MockMvcPrintOnlyOnFailureTestExecutionListener@526b3ec6, org.springframework.boot.test.autoconfigure.web.servlet.WebDriverTestExecutionListener@443ca4c3, org.springframework.boot.test.mock.mockito.ResetMocksTestExecutionListener@38cfff4b]
]]></system-out>
  <system-err><![CDATA[]]></system-err>
</testsuite>
