<?xml version="1.0" encoding="UTF-8"?>
<testsuite name="org.springframework.samples.petclinic.service.ClinicServiceTests" tests="11" skipped="0" failures="0" errors="0" timestamp="2019-10-14T18:21:27" hostname="GGM-PC" time="0.178">
  <properties/>
  <testcase name="shouldFindVets" classname="org.springframework.samples.petclinic.service.ClinicServiceTests" time="0.025"/>
  <testcase name="shouldFindOwnersByLastName" classname="org.springframework.samples.petclinic.service.ClinicServiceTests" time="0.033"/>
  <testcase name="shouldAddNewVisitForPet" classname="org.springframework.samples.petclinic.service.ClinicServiceTests" time="0.031"/>
  <testcase name="shouldUpdateOwner" classname="org.springframework.samples.petclinic.service.ClinicServiceTests" time="0.02"/>
  <testcase name="shouldFindVisitsByPetId" classname="org.springframework.samples.petclinic.service.ClinicServiceTests" time="0.009"/>
  <testcase name="shouldInsertPetIntoDatabaseAndGenerateId" classname="org.springframework.samples.petclinic.service.ClinicServiceTests" time="0.015"/>
  <testcase name="shouldInsertOwner" classname="org.springframework.samples.petclinic.service.ClinicServiceTests" time="0.011"/>
  <testcase name="shouldFindSingleOwnerWithPet" classname="org.springframework.samples.petclinic.service.ClinicServiceTests" time="0.012"/>
  <testcase name="shouldUpdatePetName" classname="org.springframework.samples.petclinic.service.ClinicServiceTests" time="0.005"/>
  <testcase name="shouldFindAllPetTypes" classname="org.springframework.samples.petclinic.service.ClinicServiceTests" time="0.005"/>
  <testcase name="shouldFindPetWithCorrectId" classname="org.springframework.samples.petclinic.service.ClinicServiceTests" time="0.006"/>
  <system-out><![CDATA[2019-10-14 15:21:27.134  INFO 16120 --- [    Test worker] b.t.a.o.j.DataJpaTestContextBootstrapper : Neither @ContextConfiguration nor @ContextHierarchy found for test class [org.springframework.samples.petclinic.service.ClinicServiceTests], using SpringBootContextLoader
2019-10-14 15:21:27.135  INFO 16120 --- [    Test worker] o.s.t.c.support.AbstractContextLoader    : Could not detect default resource locations for test class [org.springframework.samples.petclinic.service.ClinicServiceTests]: no resource found for suffixes {-context.xml, Context.groovy}.
2019-10-14 15:21:27.135  INFO 16120 --- [    Test worker] t.c.s.AnnotationConfigContextLoaderUtils : Could not detect default configuration classes for test class [org.springframework.samples.petclinic.service.ClinicServiceTests]: ClinicServiceTests does not declare any static, non-private, non-final, nested classes annotated with @Configuration.
2019-10-14 15:21:27.146  INFO 16120 --- [    Test worker] .b.t.c.SpringBootTestContextBootstrapper : Found @SpringBootConfiguration org.springframework.samples.petclinic.PetClinicApplication for test class org.springframework.samples.petclinic.service.ClinicServiceTests
2019-10-14 15:21:27.147  INFO 16120 --- [    Test worker] b.t.a.o.j.DataJpaTestContextBootstrapper : Loaded default TestExecutionListener class names from location [META-INF/spring.factories]: [org.springframework.boot.test.autoconfigure.restdocs.RestDocsTestExecutionListener, org.springframework.boot.test.autoconfigure.web.client.MockRestServiceServerResetTestExecutionListener, org.springframework.boot.test.autoconfigure.web.servlet.MockMvcPrintOnlyOnFailureTestExecutionListener, org.springframework.boot.test.autoconfigure.web.servlet.WebDriverTestExecutionListener, org.springframework.boot.test.mock.mockito.MockitoTestExecutionListener, org.springframework.boot.test.mock.mockito.ResetMocksTestExecutionListener, org.springframework.test.context.web.ServletTestExecutionListener, org.springframework.test.context.support.DirtiesContextBeforeModesTestExecutionListener, org.springframework.test.context.support.DependencyInjectionTestExecutionListener, org.springframework.test.context.support.DirtiesContextTestExecutionListener, org.springframework.test.context.transaction.TransactionalTestExecutionListener, org.springframework.test.context.jdbc.SqlScriptsTestExecutionListener]
2019-10-14 15:21:27.147  INFO 16120 --- [    Test worker] b.t.a.o.j.DataJpaTestContextBootstrapper : Using TestExecutionListeners: [org.springframework.test.context.web.ServletTestExecutionListener@3e4808b3, org.springframework.test.context.support.DirtiesContextBeforeModesTestExecutionListener@53ba3cfb, org.springframework.boot.test.mock.mockito.MockitoTestExecutionListener@7e619529, org.springframework.boot.test.autoconfigure.SpringBootDependencyInjectionTestExecutionListener@24e1513c, org.springframework.test.context.support.DirtiesContextTestExecutionListener@5a12d883, org.springframework.test.context.transaction.TransactionalTestExecutionListener@58cd6ade, org.springframework.test.context.jdbc.SqlScriptsTestExecutionListener@2af76433, org.springframework.boot.test.autoconfigure.restdocs.RestDocsTestExecutionListener@431b8e0, org.springframework.boot.test.autoconfigure.web.client.MockRestServiceServerResetTestExecutionListener@482bbe25, org.springframework.boot.test.autoconfigure.web.servlet.MockMvcPrintOnlyOnFailureTestExecutionListener@7b03b664, org.springframework.boot.test.autoconfigure.web.servlet.WebDriverTestExecutionListener@6a4483cb, org.springframework.boot.test.mock.mockito.ResetMocksTestExecutionListener@63bbc0db]


              |\      _,,,--,,_
             /,`.-'`'   ._  \-;;,_
  _______ __|,4-  ) )_   .;.(__`'-'__     ___ __    _ ___ _______
 |       | '---''(_/._)-'(_\_)   |   |   |   |  |  | |   |       |
 |    _  |    ___|_     _|       |   |   |   |   |_| |   |       | __ _ _
 |   |_| |   |___  |   | |       |   |   |   |       |   |       | \ \ \ \
 |    ___|    ___| |   | |      _|   |___|   |  _    |   |      _|  \ \ \ \
 |   |   |   |___  |   | |     |_|       |   | | |   |   |     |_    ) ) ) )
 |___|   |_______| |___| |_______|_______|___|_|  |__|___|_______|  / / / /
 ==================================================================/_/_/_/

:: Built with Spring Boot :: 2.1.9.RELEASE


2019-10-14 15:21:27.178  INFO 16120 --- [    Test worker] o.s.s.p.service.ClinicServiceTests       : Starting ClinicServiceTests on GGM-PC with PID 16120 (started by GGM in D:\Carpetas\TP Ing SW\spring-petclinic)
2019-10-14 15:21:27.178  INFO 16120 --- [    Test worker] o.s.s.p.service.ClinicServiceTests       : No active profile set, falling back to default profiles: default
2019-10-14 15:21:27.268  INFO 16120 --- [    Test worker] .s.d.r.c.RepositoryConfigurationDelegate : Bootstrapping Spring Data repositories in DEFAULT mode.
2019-10-14 15:21:27.288  INFO 16120 --- [    Test worker] .s.d.r.c.RepositoryConfigurationDelegate : Finished Spring Data repository scanning in 20ms. Found 4 repository interfaces.
2019-10-14 15:21:27.294  INFO 16120 --- [    Test worker] beddedDataSourceBeanFactoryPostProcessor : Replacing 'dataSource' DataSource bean with embedded version
2019-10-14 15:21:27.324  INFO 16120 --- [    Test worker] o.s.j.d.e.EmbeddedDatabaseFactory        : Starting embedded database: url='jdbc:hsqldb:mem:1d9ec046-c849-4581-994c-57441e0c3ef8', username='sa'
2019-10-14 15:21:27.450  INFO 16120 --- [    Test worker] o.hibernate.jpa.internal.util.LogHelper  : HHH000204: Processing PersistenceUnitInfo [
	name: default
	...]
2019-10-14 15:21:27.463  INFO 16120 --- [    Test worker] org.hibernate.dialect.Dialect            : HHH000400: Using dialect: org.hibernate.dialect.HSQLDialect
2019-10-14 15:21:27.520  INFO 16120 --- [    Test worker] j.LocalContainerEntityManagerFactoryBean : Initialized JPA EntityManagerFactory for persistence unit 'default'
2019-10-14 15:21:27.622  INFO 16120 --- [    Test worker] o.h.h.i.QueryTranslatorFactoryInitiator  : HHH000397: Using ASTQueryTranslatorFactory
2019-10-14 15:21:27.681  INFO 16120 --- [    Test worker] o.s.s.p.service.ClinicServiceTests       : Started ClinicServiceTests in 0.532 seconds (JVM running for 12.981)
2019-10-14 15:21:27.691  INFO 16120 --- [    Test worker] o.s.t.c.transaction.TransactionContext   : Began transaction (1) for test context [DefaultTestContext@1d3e9de0 testClass = ClinicServiceTests, testInstance = org.springframework.samples.petclinic.service.ClinicServiceTests@6dc1d32e, testMethod = shouldFindVets@ClinicServiceTests, testException = [null], mergedContextConfiguration = [MergedContextConfiguration@58ce8f30 testClass = ClinicServiceTests, locations = '{}', classes = '{class org.springframework.samples.petclinic.PetClinicApplication}', contextInitializerClasses = '[]', activeProfiles = '{}', propertySourceLocations = '{}', propertySourceProperties = '{org.springframework.boot.test.autoconfigure.orm.jpa.DataJpaTestContextBootstrapper=true}', contextCustomizers = set[org.springframework.boot.test.autoconfigure.OverrideAutoConfigurationContextCustomizerFactory$DisableAutoConfigurationContextCustomizer@33f49c50, org.springframework.boot.test.autoconfigure.filter.TypeExcludeFiltersContextCustomizer@eb633e70, org.springframework.boot.test.autoconfigure.properties.PropertyMappingContextCustomizer@37f324cd, org.springframework.boot.test.autoconfigure.web.servlet.WebDriverContextCustomizerFactory$Customizer@75696d8f, [ImportsContextCustomizer@45b8818f key = [org.springframework.boot.autoconfigure.cache.CacheAutoConfiguration, org.springframework.boot.autoconfigure.data.jpa.JpaRepositoriesAutoConfiguration, org.springframework.boot.autoconfigure.flyway.FlywayAutoConfiguration, org.springframework.boot.autoconfigure.jdbc.DataSourceAutoConfiguration, org.springframework.boot.autoconfigure.jdbc.DataSourceTransactionManagerAutoConfiguration, org.springframework.boot.autoconfigure.jdbc.JdbcTemplateAutoConfiguration, org.springframework.boot.autoconfigure.liquibase.LiquibaseAutoConfiguration, org.springframework.boot.autoconfigure.orm.jpa.HibernateJpaAutoConfiguration, org.springframework.boot.autoconfigure.transaction.TransactionAutoConfiguration, org.springframework.boot.test.autoconfigure.jdbc.TestDatabaseAutoConfiguration, org.springframework.boot.test.autoconfigure.orm.jpa.TestEntityManagerAutoConfiguration]], org.springframework.boot.test.context.filter.ExcludeFilterContextCustomizer@62cfaf9, org.springframework.boot.test.json.DuplicateJsonObjectContextCustomizerFactory$DuplicateJsonObjectContextCustomizer@2a1fb8af, org.springframework.boot.test.mock.mockito.MockitoContextCustomizer@0], contextLoader = 'org.springframework.boot.test.context.SpringBootContextLoader', parent = [null]], attributes = map[[empty]]]; transaction manager [org.springframework.orm.jpa.JpaTransactionManager@37d70fff]; rollback [true]
Hibernate: select vet0_.id as id1_5_, vet0_.first_name as first_na2_5_, vet0_.last_name as last_nam3_5_ from vets vet0_
Hibernate: select specialtie0_.vet_id as vet_id1_4_0_, specialtie0_.specialty_id as specialt2_4_0_, specialty1_.id as id1_2_1_, specialty1_.name as name2_2_1_ from vet_specialties specialtie0_ inner join specialties specialty1_ on specialtie0_.specialty_id=specialty1_.id where specialtie0_.vet_id=?
Hibernate: select specialtie0_.vet_id as vet_id1_4_0_, specialtie0_.specialty_id as specialt2_4_0_, specialty1_.id as id1_2_1_, specialty1_.name as name2_2_1_ from vet_specialties specialtie0_ inner join specialties specialty1_ on specialtie0_.specialty_id=specialty1_.id where specialtie0_.vet_id=?
Hibernate: select specialtie0_.vet_id as vet_id1_4_0_, specialtie0_.specialty_id as specialt2_4_0_, specialty1_.id as id1_2_1_, specialty1_.name as name2_2_1_ from vet_specialties specialtie0_ inner join specialties specialty1_ on specialtie0_.specialty_id=specialty1_.id where specialtie0_.vet_id=?
Hibernate: select specialtie0_.vet_id as vet_id1_4_0_, specialtie0_.specialty_id as specialt2_4_0_, specialty1_.id as id1_2_1_, specialty1_.name as name2_2_1_ from vet_specialties specialtie0_ inner join specialties specialty1_ on specialtie0_.specialty_id=specialty1_.id where specialtie0_.vet_id=?
Hibernate: select specialtie0_.vet_id as vet_id1_4_0_, specialtie0_.specialty_id as specialt2_4_0_, specialty1_.id as id1_2_1_, specialty1_.name as name2_2_1_ from vet_specialties specialtie0_ inner join specialties specialty1_ on specialtie0_.specialty_id=specialty1_.id where specialtie0_.vet_id=?
Hibernate: select specialtie0_.vet_id as vet_id1_4_0_, specialtie0_.specialty_id as specialt2_4_0_, specialty1_.id as id1_2_1_, specialty1_.name as name2_2_1_ from vet_specialties specialtie0_ inner join specialties specialty1_ on specialtie0_.specialty_id=specialty1_.id where specialtie0_.vet_id=?
2019-10-14 15:21:27.708  INFO 16120 --- [    Test worker] o.s.t.c.transaction.TransactionContext   : Rolled back transaction for test: [DefaultTestContext@1d3e9de0 testClass = ClinicServiceTests, testInstance = org.springframework.samples.petclinic.service.ClinicServiceTests@6dc1d32e, testMethod = shouldFindVets@ClinicServiceTests, testException = [null], mergedContextConfiguration = [MergedContextConfiguration@58ce8f30 testClass = ClinicServiceTests, locations = '{}', classes = '{class org.springframework.samples.petclinic.PetClinicApplication}', contextInitializerClasses = '[]', activeProfiles = '{}', propertySourceLocations = '{}', propertySourceProperties = '{org.springframework.boot.test.autoconfigure.orm.jpa.DataJpaTestContextBootstrapper=true}', contextCustomizers = set[org.springframework.boot.test.autoconfigure.OverrideAutoConfigurationContextCustomizerFactory$DisableAutoConfigurationContextCustomizer@33f49c50, org.springframework.boot.test.autoconfigure.filter.TypeExcludeFiltersContextCustomizer@eb633e70, org.springframework.boot.test.autoconfigure.properties.PropertyMappingContextCustomizer@37f324cd, org.springframework.boot.test.autoconfigure.web.servlet.WebDriverContextCustomizerFactory$Customizer@75696d8f, [ImportsContextCustomizer@45b8818f key = [org.springframework.boot.autoconfigure.cache.CacheAutoConfiguration, org.springframework.boot.autoconfigure.data.jpa.JpaRepositoriesAutoConfiguration, org.springframework.boot.autoconfigure.flyway.FlywayAutoConfiguration, org.springframework.boot.autoconfigure.jdbc.DataSourceAutoConfiguration, org.springframework.boot.autoconfigure.jdbc.DataSourceTransactionManagerAutoConfiguration, org.springframework.boot.autoconfigure.jdbc.JdbcTemplateAutoConfiguration, org.springframework.boot.autoconfigure.liquibase.LiquibaseAutoConfiguration, org.springframework.boot.autoconfigure.orm.jpa.HibernateJpaAutoConfiguration, org.springframework.boot.autoconfigure.transaction.TransactionAutoConfiguration, org.springframework.boot.test.autoconfigure.jdbc.TestDatabaseAutoConfiguration, org.springframework.boot.test.autoconfigure.orm.jpa.TestEntityManagerAutoConfiguration]], org.springframework.boot.test.context.filter.ExcludeFilterContextCustomizer@62cfaf9, org.springframework.boot.test.json.DuplicateJsonObjectContextCustomizerFactory$DuplicateJsonObjectContextCustomizer@2a1fb8af, org.springframework.boot.test.mock.mockito.MockitoContextCustomizer@0], contextLoader = 'org.springframework.boot.test.context.SpringBootContextLoader', parent = [null]], attributes = map[[empty]]]
2019-10-14 15:21:27.711  INFO 16120 --- [    Test worker] o.s.t.c.transaction.TransactionContext   : Began transaction (1) for test context [DefaultTestContext@1d3e9de0 testClass = ClinicServiceTests, testInstance = org.springframework.samples.petclinic.service.ClinicServiceTests@65d4e693, testMethod = shouldFindOwnersByLastName@ClinicServiceTests, testException = [null], mergedContextConfiguration = [MergedContextConfiguration@58ce8f30 testClass = ClinicServiceTests, locations = '{}', classes = '{class org.springframework.samples.petclinic.PetClinicApplication}', contextInitializerClasses = '[]', activeProfiles = '{}', propertySourceLocations = '{}', propertySourceProperties = '{org.springframework.boot.test.autoconfigure.orm.jpa.DataJpaTestContextBootstrapper=true}', contextCustomizers = set[org.springframework.boot.test.autoconfigure.OverrideAutoConfigurationContextCustomizerFactory$DisableAutoConfigurationContextCustomizer@33f49c50, org.springframework.boot.test.autoconfigure.filter.TypeExcludeFiltersContextCustomizer@eb633e70, org.springframework.boot.test.autoconfigure.properties.PropertyMappingContextCustomizer@37f324cd, org.springframework.boot.test.autoconfigure.web.servlet.WebDriverContextCustomizerFactory$Customizer@75696d8f, [ImportsContextCustomizer@45b8818f key = [org.springframework.boot.autoconfigure.cache.CacheAutoConfiguration, org.springframework.boot.autoconfigure.data.jpa.JpaRepositoriesAutoConfiguration, org.springframework.boot.autoconfigure.flyway.FlywayAutoConfiguration, org.springframework.boot.autoconfigure.jdbc.DataSourceAutoConfiguration, org.springframework.boot.autoconfigure.jdbc.DataSourceTransactionManagerAutoConfiguration, org.springframework.boot.autoconfigure.jdbc.JdbcTemplateAutoConfiguration, org.springframework.boot.autoconfigure.liquibase.LiquibaseAutoConfiguration, org.springframework.boot.autoconfigure.orm.jpa.HibernateJpaAutoConfiguration, org.springframework.boot.autoconfigure.transaction.TransactionAutoConfiguration, org.springframework.boot.test.autoconfigure.jdbc.TestDatabaseAutoConfiguration, org.springframework.boot.test.autoconfigure.orm.jpa.TestEntityManagerAutoConfiguration]], org.springframework.boot.test.context.filter.ExcludeFilterContextCustomizer@62cfaf9, org.springframework.boot.test.json.DuplicateJsonObjectContextCustomizerFactory$DuplicateJsonObjectContextCustomizer@2a1fb8af, org.springframework.boot.test.mock.mockito.MockitoContextCustomizer@0], contextLoader = 'org.springframework.boot.test.context.SpringBootContextLoader', parent = [null]], attributes = map[[empty]]]; transaction manager [org.springframework.orm.jpa.JpaTransactionManager@37d70fff]; rollback [true]
Hibernate: select distinct owner0_.id as id1_0_0_, pets1_.id as id1_1_1_, owner0_.first_name as first_na2_0_0_, owner0_.last_name as last_nam3_0_0_, owner0_.address as address4_0_0_, owner0_.city as city5_0_0_, owner0_.telephone as telephon6_0_0_, pets1_.name as name2_1_1_, pets1_.birth_date as birth_da3_1_1_, pets1_.owner_id as owner_id4_1_1_, pets1_.type_id as type_id5_1_1_, pets1_.owner_id as owner_id4_1_0__, pets1_.id as id1_1_0__ from owners owner0_ left outer join pets pets1_ on owner0_.id=pets1_.owner_id where owner0_.last_name like ?
Hibernate: select pettype0_.id as id1_3_0_, pettype0_.name as name2_3_0_ from types pettype0_ where pettype0_.id=?
Hibernate: select pettype0_.id as id1_3_0_, pettype0_.name as name2_3_0_ from types pettype0_ where pettype0_.id=?
Hibernate: select distinct owner0_.id as id1_0_0_, pets1_.id as id1_1_1_, owner0_.first_name as first_na2_0_0_, owner0_.last_name as last_nam3_0_0_, owner0_.address as address4_0_0_, owner0_.city as city5_0_0_, owner0_.telephone as telephon6_0_0_, pets1_.name as name2_1_1_, pets1_.birth_date as birth_da3_1_1_, pets1_.owner_id as owner_id4_1_1_, pets1_.type_id as type_id5_1_1_, pets1_.owner_id as owner_id4_1_0__, pets1_.id as id1_1_0__ from owners owner0_ left outer join pets pets1_ on owner0_.id=pets1_.owner_id where owner0_.last_name like ?
2019-10-14 15:21:27.742  INFO 16120 --- [    Test worker] o.s.t.c.transaction.TransactionContext   : Rolled back transaction for test: [DefaultTestContext@1d3e9de0 testClass = ClinicServiceTests, testInstance = org.springframework.samples.petclinic.service.ClinicServiceTests@65d4e693, testMethod = shouldFindOwnersByLastName@ClinicServiceTests, testException = [null], mergedContextConfiguration = [MergedContextConfiguration@58ce8f30 testClass = ClinicServiceTests, locations = '{}', classes = '{class org.springframework.samples.petclinic.PetClinicApplication}', contextInitializerClasses = '[]', activeProfiles = '{}', propertySourceLocations = '{}', propertySourceProperties = '{org.springframework.boot.test.autoconfigure.orm.jpa.DataJpaTestContextBootstrapper=true}', contextCustomizers = set[org.springframework.boot.test.autoconfigure.OverrideAutoConfigurationContextCustomizerFactory$DisableAutoConfigurationContextCustomizer@33f49c50, org.springframework.boot.test.autoconfigure.filter.TypeExcludeFiltersContextCustomizer@eb633e70, org.springframework.boot.test.autoconfigure.properties.PropertyMappingContextCustomizer@37f324cd, org.springframework.boot.test.autoconfigure.web.servlet.WebDriverContextCustomizerFactory$Customizer@75696d8f, [ImportsContextCustomizer@45b8818f key = [org.springframework.boot.autoconfigure.cache.CacheAutoConfiguration, org.springframework.boot.autoconfigure.data.jpa.JpaRepositoriesAutoConfiguration, org.springframework.boot.autoconfigure.flyway.FlywayAutoConfiguration, org.springframework.boot.autoconfigure.jdbc.DataSourceAutoConfiguration, org.springframework.boot.autoconfigure.jdbc.DataSourceTransactionManagerAutoConfiguration, org.springframework.boot.autoconfigure.jdbc.JdbcTemplateAutoConfiguration, org.springframework.boot.autoconfigure.liquibase.LiquibaseAutoConfiguration, org.springframework.boot.autoconfigure.orm.jpa.HibernateJpaAutoConfiguration, org.springframework.boot.autoconfigure.transaction.TransactionAutoConfiguration, org.springframework.boot.test.autoconfigure.jdbc.TestDatabaseAutoConfiguration, org.springframework.boot.test.autoconfigure.orm.jpa.TestEntityManagerAutoConfiguration]], org.springframework.boot.test.context.filter.ExcludeFilterContextCustomizer@62cfaf9, org.springframework.boot.test.json.DuplicateJsonObjectContextCustomizerFactory$DuplicateJsonObjectContextCustomizer@2a1fb8af, org.springframework.boot.test.mock.mockito.MockitoContextCustomizer@0], contextLoader = 'org.springframework.boot.test.context.SpringBootContextLoader', parent = [null]], attributes = map[[empty]]]
2019-10-14 15:21:27.744  INFO 16120 --- [    Test worker] o.s.t.c.transaction.TransactionContext   : Began transaction (1) for test context [DefaultTestContext@1d3e9de0 testClass = ClinicServiceTests, testInstance = org.springframework.samples.petclinic.service.ClinicServiceTests@27f2deee, testMethod = shouldAddNewVisitForPet@ClinicServiceTests, testException = [null], mergedContextConfiguration = [MergedContextConfiguration@58ce8f30 testClass = ClinicServiceTests, locations = '{}', classes = '{class org.springframework.samples.petclinic.PetClinicApplication}', contextInitializerClasses = '[]', activeProfiles = '{}', propertySourceLocations = '{}', propertySourceProperties = '{org.springframework.boot.test.autoconfigure.orm.jpa.DataJpaTestContextBootstrapper=true}', contextCustomizers = set[org.springframework.boot.test.autoconfigure.OverrideAutoConfigurationContextCustomizerFactory$DisableAutoConfigurationContextCustomizer@33f49c50, org.springframework.boot.test.autoconfigure.filter.TypeExcludeFiltersContextCustomizer@eb633e70, org.springframework.boot.test.autoconfigure.properties.PropertyMappingContextCustomizer@37f324cd, org.springframework.boot.test.autoconfigure.web.servlet.WebDriverContextCustomizerFactory$Customizer@75696d8f, [ImportsContextCustomizer@45b8818f key = [org.springframework.boot.autoconfigure.cache.CacheAutoConfiguration, org.springframework.boot.autoconfigure.data.jpa.JpaRepositoriesAutoConfiguration, org.springframework.boot.autoconfigure.flyway.FlywayAutoConfiguration, org.springframework.boot.autoconfigure.jdbc.DataSourceAutoConfiguration, org.springframework.boot.autoconfigure.jdbc.DataSourceTransactionManagerAutoConfiguration, org.springframework.boot.autoconfigure.jdbc.JdbcTemplateAutoConfiguration, org.springframework.boot.autoconfigure.liquibase.LiquibaseAutoConfiguration, org.springframework.boot.autoconfigure.orm.jpa.HibernateJpaAutoConfiguration, org.springframework.boot.autoconfigure.transaction.TransactionAutoConfiguration, org.springframework.boot.test.autoconfigure.jdbc.TestDatabaseAutoConfiguration, org.springframework.boot.test.autoconfigure.orm.jpa.TestEntityManagerAutoConfiguration]], org.springframework.boot.test.context.filter.ExcludeFilterContextCustomizer@62cfaf9, org.springframework.boot.test.json.DuplicateJsonObjectContextCustomizerFactory$DuplicateJsonObjectContextCustomizer@2a1fb8af, org.springframework.boot.test.mock.mockito.MockitoContextCustomizer@0], contextLoader = 'org.springframework.boot.test.context.SpringBootContextLoader', parent = [null]], attributes = map[[empty]]]; transaction manager [org.springframework.orm.jpa.JpaTransactionManager@37d70fff]; rollback [true]
Hibernate: select pet0_.id as id1_1_0_, pet0_.name as name2_1_0_, pet0_.birth_date as birth_da3_1_0_, pet0_.owner_id as owner_id4_1_0_, pet0_.type_id as type_id5_1_0_, owner1_.id as id1_0_1_, owner1_.first_name as first_na2_0_1_, owner1_.last_name as last_nam3_0_1_, owner1_.address as address4_0_1_, owner1_.city as city5_0_1_, owner1_.telephone as telephon6_0_1_, pettype2_.id as id1_3_2_, pettype2_.name as name2_3_2_ from pets pet0_ left outer join owners owner1_ on pet0_.owner_id=owner1_.id left outer join types pettype2_ on pet0_.type_id=pettype2_.id where pet0_.id=?
Hibernate: insert into visits (id, visit_date, description, pet_id) values (default, ?, ?, ?)
2019-10-14 15:21:27.774  INFO 16120 --- [    Test worker] o.s.t.c.transaction.TransactionContext   : Rolled back transaction for test: [DefaultTestContext@1d3e9de0 testClass = ClinicServiceTests, testInstance = org.springframework.samples.petclinic.service.ClinicServiceTests@27f2deee, testMethod = shouldAddNewVisitForPet@ClinicServiceTests, testException = [null], mergedContextConfiguration = [MergedContextConfiguration@58ce8f30 testClass = ClinicServiceTests, locations = '{}', classes = '{class org.springframework.samples.petclinic.PetClinicApplication}', contextInitializerClasses = '[]', activeProfiles = '{}', propertySourceLocations = '{}', propertySourceProperties = '{org.springframework.boot.test.autoconfigure.orm.jpa.DataJpaTestContextBootstrapper=true}', contextCustomizers = set[org.springframework.boot.test.autoconfigure.OverrideAutoConfigurationContextCustomizerFactory$DisableAutoConfigurationContextCustomizer@33f49c50, org.springframework.boot.test.autoconfigure.filter.TypeExcludeFiltersContextCustomizer@eb633e70, org.springframework.boot.test.autoconfigure.properties.PropertyMappingContextCustomizer@37f324cd, org.springframework.boot.test.autoconfigure.web.servlet.WebDriverContextCustomizerFactory$Customizer@75696d8f, [ImportsContextCustomizer@45b8818f key = [org.springframework.boot.autoconfigure.cache.CacheAutoConfiguration, org.springframework.boot.autoconfigure.data.jpa.JpaRepositoriesAutoConfiguration, org.springframework.boot.autoconfigure.flyway.FlywayAutoConfiguration, org.springframework.boot.autoconfigure.jdbc.DataSourceAutoConfiguration, org.springframework.boot.autoconfigure.jdbc.DataSourceTransactionManagerAutoConfiguration, org.springframework.boot.autoconfigure.jdbc.JdbcTemplateAutoConfiguration, org.springframework.boot.autoconfigure.liquibase.LiquibaseAutoConfiguration, org.springframework.boot.autoconfigure.orm.jpa.HibernateJpaAutoConfiguration, org.springframework.boot.autoconfigure.transaction.TransactionAutoConfiguration, org.springframework.boot.test.autoconfigure.jdbc.TestDatabaseAutoConfiguration, org.springframework.boot.test.autoconfigure.orm.jpa.TestEntityManagerAutoConfiguration]], org.springframework.boot.test.context.filter.ExcludeFilterContextCustomizer@62cfaf9, org.springframework.boot.test.json.DuplicateJsonObjectContextCustomizerFactory$DuplicateJsonObjectContextCustomizer@2a1fb8af, org.springframework.boot.test.mock.mockito.MockitoContextCustomizer@0], contextLoader = 'org.springframework.boot.test.context.SpringBootContextLoader', parent = [null]], attributes = map[[empty]]]
2019-10-14 15:21:27.776  INFO 16120 --- [    Test worker] o.s.t.c.transaction.TransactionContext   : Began transaction (1) for test context [DefaultTestContext@1d3e9de0 testClass = ClinicServiceTests, testInstance = org.springframework.samples.petclinic.service.ClinicServiceTests@66c21b17, testMethod = shouldUpdateOwner@ClinicServiceTests, testException = [null], mergedContextConfiguration = [MergedContextConfiguration@58ce8f30 testClass = ClinicServiceTests, locations = '{}', classes = '{class org.springframework.samples.petclinic.PetClinicApplication}', contextInitializerClasses = '[]', activeProfiles = '{}', propertySourceLocations = '{}', propertySourceProperties = '{org.springframework.boot.test.autoconfigure.orm.jpa.DataJpaTestContextBootstrapper=true}', contextCustomizers = set[org.springframework.boot.test.autoconfigure.OverrideAutoConfigurationContextCustomizerFactory$DisableAutoConfigurationContextCustomizer@33f49c50, org.springframework.boot.test.autoconfigure.filter.TypeExcludeFiltersContextCustomizer@eb633e70, org.springframework.boot.test.autoconfigure.properties.PropertyMappingContextCustomizer@37f324cd, org.springframework.boot.test.autoconfigure.web.servlet.WebDriverContextCustomizerFactory$Customizer@75696d8f, [ImportsContextCustomizer@45b8818f key = [org.springframework.boot.autoconfigure.cache.CacheAutoConfiguration, org.springframework.boot.autoconfigure.data.jpa.JpaRepositoriesAutoConfiguration, org.springframework.boot.autoconfigure.flyway.FlywayAutoConfiguration, org.springframework.boot.autoconfigure.jdbc.DataSourceAutoConfiguration, org.springframework.boot.autoconfigure.jdbc.DataSourceTransactionManagerAutoConfiguration, org.springframework.boot.autoconfigure.jdbc.JdbcTemplateAutoConfiguration, org.springframework.boot.autoconfigure.liquibase.LiquibaseAutoConfiguration, org.springframework.boot.autoconfigure.orm.jpa.HibernateJpaAutoConfiguration, org.springframework.boot.autoconfigure.transaction.TransactionAutoConfiguration, org.springframework.boot.test.autoconfigure.jdbc.TestDatabaseAutoConfiguration, org.springframework.boot.test.autoconfigure.orm.jpa.TestEntityManagerAutoConfiguration]], org.springframework.boot.test.context.filter.ExcludeFilterContextCustomizer@62cfaf9, org.springframework.boot.test.json.DuplicateJsonObjectContextCustomizerFactory$DuplicateJsonObjectContextCustomizer@2a1fb8af, org.springframework.boot.test.mock.mockito.MockitoContextCustomizer@0], contextLoader = 'org.springframework.boot.test.context.SpringBootContextLoader', parent = [null]], attributes = map[[empty]]]; transaction manager [org.springframework.orm.jpa.JpaTransactionManager@37d70fff]; rollback [true]
Hibernate: select owner0_.id as id1_0_0_, pets1_.id as id1_1_1_, owner0_.first_name as first_na2_0_0_, owner0_.last_name as last_nam3_0_0_, owner0_.address as address4_0_0_, owner0_.city as city5_0_0_, owner0_.telephone as telephon6_0_0_, pets1_.name as name2_1_1_, pets1_.birth_date as birth_da3_1_1_, pets1_.owner_id as owner_id4_1_1_, pets1_.type_id as type_id5_1_1_, pets1_.owner_id as owner_id4_1_0__, pets1_.id as id1_1_0__ from owners owner0_ left outer join pets pets1_ on owner0_.id=pets1_.owner_id where owner0_.id=?
Hibernate: select pettype0_.id as id1_3_0_, pettype0_.name as name2_3_0_ from types pettype0_ where pettype0_.id=?
Hibernate: update owners set first_name=?, last_name=?, address=?, city=?, telephone=? where id=?
Hibernate: select owner0_.id as id1_0_0_, pets1_.id as id1_1_1_, owner0_.first_name as first_na2_0_0_, owner0_.last_name as last_nam3_0_0_, owner0_.address as address4_0_0_, owner0_.city as city5_0_0_, owner0_.telephone as telephon6_0_0_, pets1_.name as name2_1_1_, pets1_.birth_date as birth_da3_1_1_, pets1_.owner_id as owner_id4_1_1_, pets1_.type_id as type_id5_1_1_, pets1_.owner_id as owner_id4_1_0__, pets1_.id as id1_1_0__ from owners owner0_ left outer join pets pets1_ on owner0_.id=pets1_.owner_id where owner0_.id=?
2019-10-14 15:21:27.795  INFO 16120 --- [    Test worker] o.s.t.c.transaction.TransactionContext   : Rolled back transaction for test: [DefaultTestContext@1d3e9de0 testClass = ClinicServiceTests, testInstance = org.springframework.samples.petclinic.service.ClinicServiceTests@66c21b17, testMethod = shouldUpdateOwner@ClinicServiceTests, testException = [null], mergedContextConfiguration = [MergedContextConfiguration@58ce8f30 testClass = ClinicServiceTests, locations = '{}', classes = '{class org.springframework.samples.petclinic.PetClinicApplication}', contextInitializerClasses = '[]', activeProfiles = '{}', propertySourceLocations = '{}', propertySourceProperties = '{org.springframework.boot.test.autoconfigure.orm.jpa.DataJpaTestContextBootstrapper=true}', contextCustomizers = set[org.springframework.boot.test.autoconfigure.OverrideAutoConfigurationContextCustomizerFactory$DisableAutoConfigurationContextCustomizer@33f49c50, org.springframework.boot.test.autoconfigure.filter.TypeExcludeFiltersContextCustomizer@eb633e70, org.springframework.boot.test.autoconfigure.properties.PropertyMappingContextCustomizer@37f324cd, org.springframework.boot.test.autoconfigure.web.servlet.WebDriverContextCustomizerFactory$Customizer@75696d8f, [ImportsContextCustomizer@45b8818f key = [org.springframework.boot.autoconfigure.cache.CacheAutoConfiguration, org.springframework.boot.autoconfigure.data.jpa.JpaRepositoriesAutoConfiguration, org.springframework.boot.autoconfigure.flyway.FlywayAutoConfiguration, org.springframework.boot.autoconfigure.jdbc.DataSourceAutoConfiguration, org.springframework.boot.autoconfigure.jdbc.DataSourceTransactionManagerAutoConfiguration, org.springframework.boot.autoconfigure.jdbc.JdbcTemplateAutoConfiguration, org.springframework.boot.autoconfigure.liquibase.LiquibaseAutoConfiguration, org.springframework.boot.autoconfigure.orm.jpa.HibernateJpaAutoConfiguration, org.springframework.boot.autoconfigure.transaction.TransactionAutoConfiguration, org.springframework.boot.test.autoconfigure.jdbc.TestDatabaseAutoConfiguration, org.springframework.boot.test.autoconfigure.orm.jpa.TestEntityManagerAutoConfiguration]], org.springframework.boot.test.context.filter.ExcludeFilterContextCustomizer@62cfaf9, org.springframework.boot.test.json.DuplicateJsonObjectContextCustomizerFactory$DuplicateJsonObjectContextCustomizer@2a1fb8af, org.springframework.boot.test.mock.mockito.MockitoContextCustomizer@0], contextLoader = 'org.springframework.boot.test.context.SpringBootContextLoader', parent = [null]], attributes = map[[empty]]]
2019-10-14 15:21:27.796  INFO 16120 --- [    Test worker] o.s.t.c.transaction.TransactionContext   : Began transaction (1) for test context [DefaultTestContext@1d3e9de0 testClass = ClinicServiceTests, testInstance = org.springframework.samples.petclinic.service.ClinicServiceTests@74b82d23, testMethod = shouldFindVisitsByPetId@ClinicServiceTests, testException = [null], mergedContextConfiguration = [MergedContextConfiguration@58ce8f30 testClass = ClinicServiceTests, locations = '{}', classes = '{class org.springframework.samples.petclinic.PetClinicApplication}', contextInitializerClasses = '[]', activeProfiles = '{}', propertySourceLocations = '{}', propertySourceProperties = '{org.springframework.boot.test.autoconfigure.orm.jpa.DataJpaTestContextBootstrapper=true}', contextCustomizers = set[org.springframework.boot.test.autoconfigure.OverrideAutoConfigurationContextCustomizerFactory$DisableAutoConfigurationContextCustomizer@33f49c50, org.springframework.boot.test.autoconfigure.filter.TypeExcludeFiltersContextCustomizer@eb633e70, org.springframework.boot.test.autoconfigure.properties.PropertyMappingContextCustomizer@37f324cd, org.springframework.boot.test.autoconfigure.web.servlet.WebDriverContextCustomizerFactory$Customizer@75696d8f, [ImportsContextCustomizer@45b8818f key = [org.springframework.boot.autoconfigure.cache.CacheAutoConfiguration, org.springframework.boot.autoconfigure.data.jpa.JpaRepositoriesAutoConfiguration, org.springframework.boot.autoconfigure.flyway.FlywayAutoConfiguration, org.springframework.boot.autoconfigure.jdbc.DataSourceAutoConfiguration, org.springframework.boot.autoconfigure.jdbc.DataSourceTransactionManagerAutoConfiguration, org.springframework.boot.autoconfigure.jdbc.JdbcTemplateAutoConfiguration, org.springframework.boot.autoconfigure.liquibase.LiquibaseAutoConfiguration, org.springframework.boot.autoconfigure.orm.jpa.HibernateJpaAutoConfiguration, org.springframework.boot.autoconfigure.transaction.TransactionAutoConfiguration, org.springframework.boot.test.autoconfigure.jdbc.TestDatabaseAutoConfiguration, org.springframework.boot.test.autoconfigure.orm.jpa.TestEntityManagerAutoConfiguration]], org.springframework.boot.test.context.filter.ExcludeFilterContextCustomizer@62cfaf9, org.springframework.boot.test.json.DuplicateJsonObjectContextCustomizerFactory$DuplicateJsonObjectContextCustomizer@2a1fb8af, org.springframework.boot.test.mock.mockito.MockitoContextCustomizer@0], contextLoader = 'org.springframework.boot.test.context.SpringBootContextLoader', parent = [null]], attributes = map[[empty]]]; transaction manager [org.springframework.orm.jpa.JpaTransactionManager@37d70fff]; rollback [true]
Hibernate: select visit0_.id as id1_6_, visit0_.visit_date as visit_da2_6_, visit0_.description as descript3_6_, visit0_.pet_id as pet_id4_6_ from visits visit0_ where visit0_.pet_id=?
2019-10-14 15:21:27.804  INFO 16120 --- [    Test worker] o.s.t.c.transaction.TransactionContext   : Rolled back transaction for test: [DefaultTestContext@1d3e9de0 testClass = ClinicServiceTests, testInstance = org.springframework.samples.petclinic.service.ClinicServiceTests@74b82d23, testMethod = shouldFindVisitsByPetId@ClinicServiceTests, testException = [null], mergedContextConfiguration = [MergedContextConfiguration@58ce8f30 testClass = ClinicServiceTests, locations = '{}', classes = '{class org.springframework.samples.petclinic.PetClinicApplication}', contextInitializerClasses = '[]', activeProfiles = '{}', propertySourceLocations = '{}', propertySourceProperties = '{org.springframework.boot.test.autoconfigure.orm.jpa.DataJpaTestContextBootstrapper=true}', contextCustomizers = set[org.springframework.boot.test.autoconfigure.OverrideAutoConfigurationContextCustomizerFactory$DisableAutoConfigurationContextCustomizer@33f49c50, org.springframework.boot.test.autoconfigure.filter.TypeExcludeFiltersContextCustomizer@eb633e70, org.springframework.boot.test.autoconfigure.properties.PropertyMappingContextCustomizer@37f324cd, org.springframework.boot.test.autoconfigure.web.servlet.WebDriverContextCustomizerFactory$Customizer@75696d8f, [ImportsContextCustomizer@45b8818f key = [org.springframework.boot.autoconfigure.cache.CacheAutoConfiguration, org.springframework.boot.autoconfigure.data.jpa.JpaRepositoriesAutoConfiguration, org.springframework.boot.autoconfigure.flyway.FlywayAutoConfiguration, org.springframework.boot.autoconfigure.jdbc.DataSourceAutoConfiguration, org.springframework.boot.autoconfigure.jdbc.DataSourceTransactionManagerAutoConfiguration, org.springframework.boot.autoconfigure.jdbc.JdbcTemplateAutoConfiguration, org.springframework.boot.autoconfigure.liquibase.LiquibaseAutoConfiguration, org.springframework.boot.autoconfigure.orm.jpa.HibernateJpaAutoConfiguration, org.springframework.boot.autoconfigure.transaction.TransactionAutoConfiguration, org.springframework.boot.test.autoconfigure.jdbc.TestDatabaseAutoConfiguration, org.springframework.boot.test.autoconfigure.orm.jpa.TestEntityManagerAutoConfiguration]], org.springframework.boot.test.context.filter.ExcludeFilterContextCustomizer@62cfaf9, org.springframework.boot.test.json.DuplicateJsonObjectContextCustomizerFactory$DuplicateJsonObjectContextCustomizer@2a1fb8af, org.springframework.boot.test.mock.mockito.MockitoContextCustomizer@0], contextLoader = 'org.springframework.boot.test.context.SpringBootContextLoader', parent = [null]], attributes = map[[empty]]]
2019-10-14 15:21:27.805  INFO 16120 --- [    Test worker] o.s.t.c.transaction.TransactionContext   : Began transaction (1) for test context [DefaultTestContext@1d3e9de0 testClass = ClinicServiceTests, testInstance = org.springframework.samples.petclinic.service.ClinicServiceTests@2d437e19, testMethod = shouldInsertPetIntoDatabaseAndGenerateId@ClinicServiceTests, testException = [null], mergedContextConfiguration = [MergedContextConfiguration@58ce8f30 testClass = ClinicServiceTests, locations = '{}', classes = '{class org.springframework.samples.petclinic.PetClinicApplication}', contextInitializerClasses = '[]', activeProfiles = '{}', propertySourceLocations = '{}', propertySourceProperties = '{org.springframework.boot.test.autoconfigure.orm.jpa.DataJpaTestContextBootstrapper=true}', contextCustomizers = set[org.springframework.boot.test.autoconfigure.OverrideAutoConfigurationContextCustomizerFactory$DisableAutoConfigurationContextCustomizer@33f49c50, org.springframework.boot.test.autoconfigure.filter.TypeExcludeFiltersContextCustomizer@eb633e70, org.springframework.boot.test.autoconfigure.properties.PropertyMappingContextCustomizer@37f324cd, org.springframework.boot.test.autoconfigure.web.servlet.WebDriverContextCustomizerFactory$Customizer@75696d8f, [ImportsContextCustomizer@45b8818f key = [org.springframework.boot.autoconfigure.cache.CacheAutoConfiguration, org.springframework.boot.autoconfigure.data.jpa.JpaRepositoriesAutoConfiguration, org.springframework.boot.autoconfigure.flyway.FlywayAutoConfiguration, org.springframework.boot.autoconfigure.jdbc.DataSourceAutoConfiguration, org.springframework.boot.autoconfigure.jdbc.DataSourceTransactionManagerAutoConfiguration, org.springframework.boot.autoconfigure.jdbc.JdbcTemplateAutoConfiguration, org.springframework.boot.autoconfigure.liquibase.LiquibaseAutoConfiguration, org.springframework.boot.autoconfigure.orm.jpa.HibernateJpaAutoConfiguration, org.springframework.boot.autoconfigure.transaction.TransactionAutoConfiguration, org.springframework.boot.test.autoconfigure.jdbc.TestDatabaseAutoConfiguration, org.springframework.boot.test.autoconfigure.orm.jpa.TestEntityManagerAutoConfiguration]], org.springframework.boot.test.context.filter.ExcludeFilterContextCustomizer@62cfaf9, org.springframework.boot.test.json.DuplicateJsonObjectContextCustomizerFactory$DuplicateJsonObjectContextCustomizer@2a1fb8af, org.springframework.boot.test.mock.mockito.MockitoContextCustomizer@0], contextLoader = 'org.springframework.boot.test.context.SpringBootContextLoader', parent = [null]], attributes = map[[empty]]]; transaction manager [org.springframework.orm.jpa.JpaTransactionManager@37d70fff]; rollback [true]
Hibernate: select owner0_.id as id1_0_0_, pets1_.id as id1_1_1_, owner0_.first_name as first_na2_0_0_, owner0_.last_name as last_nam3_0_0_, owner0_.address as address4_0_0_, owner0_.city as city5_0_0_, owner0_.telephone as telephon6_0_0_, pets1_.name as name2_1_1_, pets1_.birth_date as birth_da3_1_1_, pets1_.owner_id as owner_id4_1_1_, pets1_.type_id as type_id5_1_1_, pets1_.owner_id as owner_id4_1_0__, pets1_.id as id1_1_0__ from owners owner0_ left outer join pets pets1_ on owner0_.id=pets1_.owner_id where owner0_.id=?
Hibernate: select pettype0_.id as id1_3_0_, pettype0_.name as name2_3_0_ from types pettype0_ where pettype0_.id=?
Hibernate: select pettype0_.id as id1_3_, pettype0_.name as name2_3_ from types pettype0_ order by pettype0_.name
Hibernate: insert into pets (id, name, birth_date, owner_id, type_id) values (default, ?, ?, ?, ?)
Hibernate: select owner0_.id as id1_0_0_, pets1_.id as id1_1_1_, owner0_.first_name as first_na2_0_0_, owner0_.last_name as last_nam3_0_0_, owner0_.address as address4_0_0_, owner0_.city as city5_0_0_, owner0_.telephone as telephon6_0_0_, pets1_.name as name2_1_1_, pets1_.birth_date as birth_da3_1_1_, pets1_.owner_id as owner_id4_1_1_, pets1_.type_id as type_id5_1_1_, pets1_.owner_id as owner_id4_1_0__, pets1_.id as id1_1_0__ from owners owner0_ left outer join pets pets1_ on owner0_.id=pets1_.owner_id where owner0_.id=?
2019-10-14 15:21:27.819  INFO 16120 --- [    Test worker] o.s.t.c.transaction.TransactionContext   : Rolled back transaction for test: [DefaultTestContext@1d3e9de0 testClass = ClinicServiceTests, testInstance = org.springframework.samples.petclinic.service.ClinicServiceTests@2d437e19, testMethod = shouldInsertPetIntoDatabaseAndGenerateId@ClinicServiceTests, testException = [null], mergedContextConfiguration = [MergedContextConfiguration@58ce8f30 testClass = ClinicServiceTests, locations = '{}', classes = '{class org.springframework.samples.petclinic.PetClinicApplication}', contextInitializerClasses = '[]', activeProfiles = '{}', propertySourceLocations = '{}', propertySourceProperties = '{org.springframework.boot.test.autoconfigure.orm.jpa.DataJpaTestContextBootstrapper=true}', contextCustomizers = set[org.springframework.boot.test.autoconfigure.OverrideAutoConfigurationContextCustomizerFactory$DisableAutoConfigurationContextCustomizer@33f49c50, org.springframework.boot.test.autoconfigure.filter.TypeExcludeFiltersContextCustomizer@eb633e70, org.springframework.boot.test.autoconfigure.properties.PropertyMappingContextCustomizer@37f324cd, org.springframework.boot.test.autoconfigure.web.servlet.WebDriverContextCustomizerFactory$Customizer@75696d8f, [ImportsContextCustomizer@45b8818f key = [org.springframework.boot.autoconfigure.cache.CacheAutoConfiguration, org.springframework.boot.autoconfigure.data.jpa.JpaRepositoriesAutoConfiguration, org.springframework.boot.autoconfigure.flyway.FlywayAutoConfiguration, org.springframework.boot.autoconfigure.jdbc.DataSourceAutoConfiguration, org.springframework.boot.autoconfigure.jdbc.DataSourceTransactionManagerAutoConfiguration, org.springframework.boot.autoconfigure.jdbc.JdbcTemplateAutoConfiguration, org.springframework.boot.autoconfigure.liquibase.LiquibaseAutoConfiguration, org.springframework.boot.autoconfigure.orm.jpa.HibernateJpaAutoConfiguration, org.springframework.boot.autoconfigure.transaction.TransactionAutoConfiguration, org.springframework.boot.test.autoconfigure.jdbc.TestDatabaseAutoConfiguration, org.springframework.boot.test.autoconfigure.orm.jpa.TestEntityManagerAutoConfiguration]], org.springframework.boot.test.context.filter.ExcludeFilterContextCustomizer@62cfaf9, org.springframework.boot.test.json.DuplicateJsonObjectContextCustomizerFactory$DuplicateJsonObjectContextCustomizer@2a1fb8af, org.springframework.boot.test.mock.mockito.MockitoContextCustomizer@0], contextLoader = 'org.springframework.boot.test.context.SpringBootContextLoader', parent = [null]], attributes = map[[empty]]]
2019-10-14 15:21:27.821  INFO 16120 --- [    Test worker] o.s.t.c.transaction.TransactionContext   : Began transaction (1) for test context [DefaultTestContext@1d3e9de0 testClass = ClinicServiceTests, testInstance = org.springframework.samples.petclinic.service.ClinicServiceTests@4bbc35c4, testMethod = shouldInsertOwner@ClinicServiceTests, testException = [null], mergedContextConfiguration = [MergedContextConfiguration@58ce8f30 testClass = ClinicServiceTests, locations = '{}', classes = '{class org.springframework.samples.petclinic.PetClinicApplication}', contextInitializerClasses = '[]', activeProfiles = '{}', propertySourceLocations = '{}', propertySourceProperties = '{org.springframework.boot.test.autoconfigure.orm.jpa.DataJpaTestContextBootstrapper=true}', contextCustomizers = set[org.springframework.boot.test.autoconfigure.OverrideAutoConfigurationContextCustomizerFactory$DisableAutoConfigurationContextCustomizer@33f49c50, org.springframework.boot.test.autoconfigure.filter.TypeExcludeFiltersContextCustomizer@eb633e70, org.springframework.boot.test.autoconfigure.properties.PropertyMappingContextCustomizer@37f324cd, org.springframework.boot.test.autoconfigure.web.servlet.WebDriverContextCustomizerFactory$Customizer@75696d8f, [ImportsContextCustomizer@45b8818f key = [org.springframework.boot.autoconfigure.cache.CacheAutoConfiguration, org.springframework.boot.autoconfigure.data.jpa.JpaRepositoriesAutoConfiguration, org.springframework.boot.autoconfigure.flyway.FlywayAutoConfiguration, org.springframework.boot.autoconfigure.jdbc.DataSourceAutoConfiguration, org.springframework.boot.autoconfigure.jdbc.DataSourceTransactionManagerAutoConfiguration, org.springframework.boot.autoconfigure.jdbc.JdbcTemplateAutoConfiguration, org.springframework.boot.autoconfigure.liquibase.LiquibaseAutoConfiguration, org.springframework.boot.autoconfigure.orm.jpa.HibernateJpaAutoConfiguration, org.springframework.boot.autoconfigure.transaction.TransactionAutoConfiguration, org.springframework.boot.test.autoconfigure.jdbc.TestDatabaseAutoConfiguration, org.springframework.boot.test.autoconfigure.orm.jpa.TestEntityManagerAutoConfiguration]], org.springframework.boot.test.context.filter.ExcludeFilterContextCustomizer@62cfaf9, org.springframework.boot.test.json.DuplicateJsonObjectContextCustomizerFactory$DuplicateJsonObjectContextCustomizer@2a1fb8af, org.springframework.boot.test.mock.mockito.MockitoContextCustomizer@0], contextLoader = 'org.springframework.boot.test.context.SpringBootContextLoader', parent = [null]], attributes = map[[empty]]]; transaction manager [org.springframework.orm.jpa.JpaTransactionManager@37d70fff]; rollback [true]
Hibernate: select distinct owner0_.id as id1_0_0_, pets1_.id as id1_1_1_, owner0_.first_name as first_na2_0_0_, owner0_.last_name as last_nam3_0_0_, owner0_.address as address4_0_0_, owner0_.city as city5_0_0_, owner0_.telephone as telephon6_0_0_, pets1_.name as name2_1_1_, pets1_.birth_date as birth_da3_1_1_, pets1_.owner_id as owner_id4_1_1_, pets1_.type_id as type_id5_1_1_, pets1_.owner_id as owner_id4_1_0__, pets1_.id as id1_1_0__ from owners owner0_ left outer join pets pets1_ on owner0_.id=pets1_.owner_id where owner0_.last_name like ?
Hibernate: insert into owners (id, first_name, last_name, address, city, telephone) values (default, ?, ?, ?, ?, ?)
Hibernate: select distinct owner0_.id as id1_0_0_, pets1_.id as id1_1_1_, owner0_.first_name as first_na2_0_0_, owner0_.last_name as last_nam3_0_0_, owner0_.address as address4_0_0_, owner0_.city as city5_0_0_, owner0_.telephone as telephon6_0_0_, pets1_.name as name2_1_1_, pets1_.birth_date as birth_da3_1_1_, pets1_.owner_id as owner_id4_1_1_, pets1_.type_id as type_id5_1_1_, pets1_.owner_id as owner_id4_1_0__, pets1_.id as id1_1_0__ from owners owner0_ left outer join pets pets1_ on owner0_.id=pets1_.owner_id where owner0_.last_name like ?
2019-10-14 15:21:27.830  INFO 16120 --- [    Test worker] o.s.t.c.transaction.TransactionContext   : Rolled back transaction for test: [DefaultTestContext@1d3e9de0 testClass = ClinicServiceTests, testInstance = org.springframework.samples.petclinic.service.ClinicServiceTests@4bbc35c4, testMethod = shouldInsertOwner@ClinicServiceTests, testException = [null], mergedContextConfiguration = [MergedContextConfiguration@58ce8f30 testClass = ClinicServiceTests, locations = '{}', classes = '{class org.springframework.samples.petclinic.PetClinicApplication}', contextInitializerClasses = '[]', activeProfiles = '{}', propertySourceLocations = '{}', propertySourceProperties = '{org.springframework.boot.test.autoconfigure.orm.jpa.DataJpaTestContextBootstrapper=true}', contextCustomizers = set[org.springframework.boot.test.autoconfigure.OverrideAutoConfigurationContextCustomizerFactory$DisableAutoConfigurationContextCustomizer@33f49c50, org.springframework.boot.test.autoconfigure.filter.TypeExcludeFiltersContextCustomizer@eb633e70, org.springframework.boot.test.autoconfigure.properties.PropertyMappingContextCustomizer@37f324cd, org.springframework.boot.test.autoconfigure.web.servlet.WebDriverContextCustomizerFactory$Customizer@75696d8f, [ImportsContextCustomizer@45b8818f key = [org.springframework.boot.autoconfigure.cache.CacheAutoConfiguration, org.springframework.boot.autoconfigure.data.jpa.JpaRepositoriesAutoConfiguration, org.springframework.boot.autoconfigure.flyway.FlywayAutoConfiguration, org.springframework.boot.autoconfigure.jdbc.DataSourceAutoConfiguration, org.springframework.boot.autoconfigure.jdbc.DataSourceTransactionManagerAutoConfiguration, org.springframework.boot.autoconfigure.jdbc.JdbcTemplateAutoConfiguration, org.springframework.boot.autoconfigure.liquibase.LiquibaseAutoConfiguration, org.springframework.boot.autoconfigure.orm.jpa.HibernateJpaAutoConfiguration, org.springframework.boot.autoconfigure.transaction.TransactionAutoConfiguration, org.springframework.boot.test.autoconfigure.jdbc.TestDatabaseAutoConfiguration, org.springframework.boot.test.autoconfigure.orm.jpa.TestEntityManagerAutoConfiguration]], org.springframework.boot.test.context.filter.ExcludeFilterContextCustomizer@62cfaf9, org.springframework.boot.test.json.DuplicateJsonObjectContextCustomizerFactory$DuplicateJsonObjectContextCustomizer@2a1fb8af, org.springframework.boot.test.mock.mockito.MockitoContextCustomizer@0], contextLoader = 'org.springframework.boot.test.context.SpringBootContextLoader', parent = [null]], attributes = map[[empty]]]
2019-10-14 15:21:27.832  INFO 16120 --- [    Test worker] o.s.t.c.transaction.TransactionContext   : Began transaction (1) for test context [DefaultTestContext@1d3e9de0 testClass = ClinicServiceTests, testInstance = org.springframework.samples.petclinic.service.ClinicServiceTests@56b20034, testMethod = shouldFindSingleOwnerWithPet@ClinicServiceTests, testException = [null], mergedContextConfiguration = [MergedContextConfiguration@58ce8f30 testClass = ClinicServiceTests, locations = '{}', classes = '{class org.springframework.samples.petclinic.PetClinicApplication}', contextInitializerClasses = '[]', activeProfiles = '{}', propertySourceLocations = '{}', propertySourceProperties = '{org.springframework.boot.test.autoconfigure.orm.jpa.DataJpaTestContextBootstrapper=true}', contextCustomizers = set[org.springframework.boot.test.autoconfigure.OverrideAutoConfigurationContextCustomizerFactory$DisableAutoConfigurationContextCustomizer@33f49c50, org.springframework.boot.test.autoconfigure.filter.TypeExcludeFiltersContextCustomizer@eb633e70, org.springframework.boot.test.autoconfigure.properties.PropertyMappingContextCustomizer@37f324cd, org.springframework.boot.test.autoconfigure.web.servlet.WebDriverContextCustomizerFactory$Customizer@75696d8f, [ImportsContextCustomizer@45b8818f key = [org.springframework.boot.autoconfigure.cache.CacheAutoConfiguration, org.springframework.boot.autoconfigure.data.jpa.JpaRepositoriesAutoConfiguration, org.springframework.boot.autoconfigure.flyway.FlywayAutoConfiguration, org.springframework.boot.autoconfigure.jdbc.DataSourceAutoConfiguration, org.springframework.boot.autoconfigure.jdbc.DataSourceTransactionManagerAutoConfiguration, org.springframework.boot.autoconfigure.jdbc.JdbcTemplateAutoConfiguration, org.springframework.boot.autoconfigure.liquibase.LiquibaseAutoConfiguration, org.springframework.boot.autoconfigure.orm.jpa.HibernateJpaAutoConfiguration, org.springframework.boot.autoconfigure.transaction.TransactionAutoConfiguration, org.springframework.boot.test.autoconfigure.jdbc.TestDatabaseAutoConfiguration, org.springframework.boot.test.autoconfigure.orm.jpa.TestEntityManagerAutoConfiguration]], org.springframework.boot.test.context.filter.ExcludeFilterContextCustomizer@62cfaf9, org.springframework.boot.test.json.DuplicateJsonObjectContextCustomizerFactory$DuplicateJsonObjectContextCustomizer@2a1fb8af, org.springframework.boot.test.mock.mockito.MockitoContextCustomizer@0], contextLoader = 'org.springframework.boot.test.context.SpringBootContextLoader', parent = [null]], attributes = map[[empty]]]; transaction manager [org.springframework.orm.jpa.JpaTransactionManager@37d70fff]; rollback [true]
Hibernate: select owner0_.id as id1_0_0_, pets1_.id as id1_1_1_, owner0_.first_name as first_na2_0_0_, owner0_.last_name as last_nam3_0_0_, owner0_.address as address4_0_0_, owner0_.city as city5_0_0_, owner0_.telephone as telephon6_0_0_, pets1_.name as name2_1_1_, pets1_.birth_date as birth_da3_1_1_, pets1_.owner_id as owner_id4_1_1_, pets1_.type_id as type_id5_1_1_, pets1_.owner_id as owner_id4_1_0__, pets1_.id as id1_1_0__ from owners owner0_ left outer join pets pets1_ on owner0_.id=pets1_.owner_id where owner0_.id=?
Hibernate: select pettype0_.id as id1_3_0_, pettype0_.name as name2_3_0_ from types pettype0_ where pettype0_.id=?
2019-10-14 15:21:27.843  INFO 16120 --- [    Test worker] o.s.t.c.transaction.TransactionContext   : Rolled back transaction for test: [DefaultTestContext@1d3e9de0 testClass = ClinicServiceTests, testInstance = org.springframework.samples.petclinic.service.ClinicServiceTests@56b20034, testMethod = shouldFindSingleOwnerWithPet@ClinicServiceTests, testException = [null], mergedContextConfiguration = [MergedContextConfiguration@58ce8f30 testClass = ClinicServiceTests, locations = '{}', classes = '{class org.springframework.samples.petclinic.PetClinicApplication}', contextInitializerClasses = '[]', activeProfiles = '{}', propertySourceLocations = '{}', propertySourceProperties = '{org.springframework.boot.test.autoconfigure.orm.jpa.DataJpaTestContextBootstrapper=true}', contextCustomizers = set[org.springframework.boot.test.autoconfigure.OverrideAutoConfigurationContextCustomizerFactory$DisableAutoConfigurationContextCustomizer@33f49c50, org.springframework.boot.test.autoconfigure.filter.TypeExcludeFiltersContextCustomizer@eb633e70, org.springframework.boot.test.autoconfigure.properties.PropertyMappingContextCustomizer@37f324cd, org.springframework.boot.test.autoconfigure.web.servlet.WebDriverContextCustomizerFactory$Customizer@75696d8f, [ImportsContextCustomizer@45b8818f key = [org.springframework.boot.autoconfigure.cache.CacheAutoConfiguration, org.springframework.boot.autoconfigure.data.jpa.JpaRepositoriesAutoConfiguration, org.springframework.boot.autoconfigure.flyway.FlywayAutoConfiguration, org.springframework.boot.autoconfigure.jdbc.DataSourceAutoConfiguration, org.springframework.boot.autoconfigure.jdbc.DataSourceTransactionManagerAutoConfiguration, org.springframework.boot.autoconfigure.jdbc.JdbcTemplateAutoConfiguration, org.springframework.boot.autoconfigure.liquibase.LiquibaseAutoConfiguration, org.springframework.boot.autoconfigure.orm.jpa.HibernateJpaAutoConfiguration, org.springframework.boot.autoconfigure.transaction.TransactionAutoConfiguration, org.springframework.boot.test.autoconfigure.jdbc.TestDatabaseAutoConfiguration, org.springframework.boot.test.autoconfigure.orm.jpa.TestEntityManagerAutoConfiguration]], org.springframework.boot.test.context.filter.ExcludeFilterContextCustomizer@62cfaf9, org.springframework.boot.test.json.DuplicateJsonObjectContextCustomizerFactory$DuplicateJsonObjectContextCustomizer@2a1fb8af, org.springframework.boot.test.mock.mockito.MockitoContextCustomizer@0], contextLoader = 'org.springframework.boot.test.context.SpringBootContextLoader', parent = [null]], attributes = map[[empty]]]
2019-10-14 15:21:27.845  INFO 16120 --- [    Test worker] o.s.t.c.transaction.TransactionContext   : Began transaction (1) for test context [DefaultTestContext@1d3e9de0 testClass = ClinicServiceTests, testInstance = org.springframework.samples.petclinic.service.ClinicServiceTests@12893ed3, testMethod = shouldUpdatePetName@ClinicServiceTests, testException = [null], mergedContextConfiguration = [MergedContextConfiguration@58ce8f30 testClass = ClinicServiceTests, locations = '{}', classes = '{class org.springframework.samples.petclinic.PetClinicApplication}', contextInitializerClasses = '[]', activeProfiles = '{}', propertySourceLocations = '{}', propertySourceProperties = '{org.springframework.boot.test.autoconfigure.orm.jpa.DataJpaTestContextBootstrapper=true}', contextCustomizers = set[org.springframework.boot.test.autoconfigure.OverrideAutoConfigurationContextCustomizerFactory$DisableAutoConfigurationContextCustomizer@33f49c50, org.springframework.boot.test.autoconfigure.filter.TypeExcludeFiltersContextCustomizer@eb633e70, org.springframework.boot.test.autoconfigure.properties.PropertyMappingContextCustomizer@37f324cd, org.springframework.boot.test.autoconfigure.web.servlet.WebDriverContextCustomizerFactory$Customizer@75696d8f, [ImportsContextCustomizer@45b8818f key = [org.springframework.boot.autoconfigure.cache.CacheAutoConfiguration, org.springframework.boot.autoconfigure.data.jpa.JpaRepositoriesAutoConfiguration, org.springframework.boot.autoconfigure.flyway.FlywayAutoConfiguration, org.springframework.boot.autoconfigure.jdbc.DataSourceAutoConfiguration, org.springframework.boot.autoconfigure.jdbc.DataSourceTransactionManagerAutoConfiguration, org.springframework.boot.autoconfigure.jdbc.JdbcTemplateAutoConfiguration, org.springframework.boot.autoconfigure.liquibase.LiquibaseAutoConfiguration, org.springframework.boot.autoconfigure.orm.jpa.HibernateJpaAutoConfiguration, org.springframework.boot.autoconfigure.transaction.TransactionAutoConfiguration, org.springframework.boot.test.autoconfigure.jdbc.TestDatabaseAutoConfiguration, org.springframework.boot.test.autoconfigure.orm.jpa.TestEntityManagerAutoConfiguration]], org.springframework.boot.test.context.filter.ExcludeFilterContextCustomizer@62cfaf9, org.springframework.boot.test.json.DuplicateJsonObjectContextCustomizerFactory$DuplicateJsonObjectContextCustomizer@2a1fb8af, org.springframework.boot.test.mock.mockito.MockitoContextCustomizer@0], contextLoader = 'org.springframework.boot.test.context.SpringBootContextLoader', parent = [null]], attributes = map[[empty]]]; transaction manager [org.springframework.orm.jpa.JpaTransactionManager@37d70fff]; rollback [true]
Hibernate: select pet0_.id as id1_1_0_, pet0_.name as name2_1_0_, pet0_.birth_date as birth_da3_1_0_, pet0_.owner_id as owner_id4_1_0_, pet0_.type_id as type_id5_1_0_, owner1_.id as id1_0_1_, owner1_.first_name as first_na2_0_1_, owner1_.last_name as last_nam3_0_1_, owner1_.address as address4_0_1_, owner1_.city as city5_0_1_, owner1_.telephone as telephon6_0_1_, pettype2_.id as id1_3_2_, pettype2_.name as name2_3_2_ from pets pet0_ left outer join owners owner1_ on pet0_.owner_id=owner1_.id left outer join types pettype2_ on pet0_.type_id=pettype2_.id where pet0_.id=?
2019-10-14 15:21:27.849  INFO 16120 --- [    Test worker] o.s.t.c.transaction.TransactionContext   : Rolled back transaction for test: [DefaultTestContext@1d3e9de0 testClass = ClinicServiceTests, testInstance = org.springframework.samples.petclinic.service.ClinicServiceTests@12893ed3, testMethod = shouldUpdatePetName@ClinicServiceTests, testException = [null], mergedContextConfiguration = [MergedContextConfiguration@58ce8f30 testClass = ClinicServiceTests, locations = '{}', classes = '{class org.springframework.samples.petclinic.PetClinicApplication}', contextInitializerClasses = '[]', activeProfiles = '{}', propertySourceLocations = '{}', propertySourceProperties = '{org.springframework.boot.test.autoconfigure.orm.jpa.DataJpaTestContextBootstrapper=true}', contextCustomizers = set[org.springframework.boot.test.autoconfigure.OverrideAutoConfigurationContextCustomizerFactory$DisableAutoConfigurationContextCustomizer@33f49c50, org.springframework.boot.test.autoconfigure.filter.TypeExcludeFiltersContextCustomizer@eb633e70, org.springframework.boot.test.autoconfigure.properties.PropertyMappingContextCustomizer@37f324cd, org.springframework.boot.test.autoconfigure.web.servlet.WebDriverContextCustomizerFactory$Customizer@75696d8f, [ImportsContextCustomizer@45b8818f key = [org.springframework.boot.autoconfigure.cache.CacheAutoConfiguration, org.springframework.boot.autoconfigure.data.jpa.JpaRepositoriesAutoConfiguration, org.springframework.boot.autoconfigure.flyway.FlywayAutoConfiguration, org.springframework.boot.autoconfigure.jdbc.DataSourceAutoConfiguration, org.springframework.boot.autoconfigure.jdbc.DataSourceTransactionManagerAutoConfiguration, org.springframework.boot.autoconfigure.jdbc.JdbcTemplateAutoConfiguration, org.springframework.boot.autoconfigure.liquibase.LiquibaseAutoConfiguration, org.springframework.boot.autoconfigure.orm.jpa.HibernateJpaAutoConfiguration, org.springframework.boot.autoconfigure.transaction.TransactionAutoConfiguration, org.springframework.boot.test.autoconfigure.jdbc.TestDatabaseAutoConfiguration, org.springframework.boot.test.autoconfigure.orm.jpa.TestEntityManagerAutoConfiguration]], org.springframework.boot.test.context.filter.ExcludeFilterContextCustomizer@62cfaf9, org.springframework.boot.test.json.DuplicateJsonObjectContextCustomizerFactory$DuplicateJsonObjectContextCustomizer@2a1fb8af, org.springframework.boot.test.mock.mockito.MockitoContextCustomizer@0], contextLoader = 'org.springframework.boot.test.context.SpringBootContextLoader', parent = [null]], attributes = map[[empty]]]
2019-10-14 15:21:27.851  INFO 16120 --- [    Test worker] o.s.t.c.transaction.TransactionContext   : Began transaction (1) for test context [DefaultTestContext@1d3e9de0 testClass = ClinicServiceTests, testInstance = org.springframework.samples.petclinic.service.ClinicServiceTests@3cec0d31, testMethod = shouldFindAllPetTypes@ClinicServiceTests, testException = [null], mergedContextConfiguration = [MergedContextConfiguration@58ce8f30 testClass = ClinicServiceTests, locations = '{}', classes = '{class org.springframework.samples.petclinic.PetClinicApplication}', contextInitializerClasses = '[]', activeProfiles = '{}', propertySourceLocations = '{}', propertySourceProperties = '{org.springframework.boot.test.autoconfigure.orm.jpa.DataJpaTestContextBootstrapper=true}', contextCustomizers = set[org.springframework.boot.test.autoconfigure.OverrideAutoConfigurationContextCustomizerFactory$DisableAutoConfigurationContextCustomizer@33f49c50, org.springframework.boot.test.autoconfigure.filter.TypeExcludeFiltersContextCustomizer@eb633e70, org.springframework.boot.test.autoconfigure.properties.PropertyMappingContextCustomizer@37f324cd, org.springframework.boot.test.autoconfigure.web.servlet.WebDriverContextCustomizerFactory$Customizer@75696d8f, [ImportsContextCustomizer@45b8818f key = [org.springframework.boot.autoconfigure.cache.CacheAutoConfiguration, org.springframework.boot.autoconfigure.data.jpa.JpaRepositoriesAutoConfiguration, org.springframework.boot.autoconfigure.flyway.FlywayAutoConfiguration, org.springframework.boot.autoconfigure.jdbc.DataSourceAutoConfiguration, org.springframework.boot.autoconfigure.jdbc.DataSourceTransactionManagerAutoConfiguration, org.springframework.boot.autoconfigure.jdbc.JdbcTemplateAutoConfiguration, org.springframework.boot.autoconfigure.liquibase.LiquibaseAutoConfiguration, org.springframework.boot.autoconfigure.orm.jpa.HibernateJpaAutoConfiguration, org.springframework.boot.autoconfigure.transaction.TransactionAutoConfiguration, org.springframework.boot.test.autoconfigure.jdbc.TestDatabaseAutoConfiguration, org.springframework.boot.test.autoconfigure.orm.jpa.TestEntityManagerAutoConfiguration]], org.springframework.boot.test.context.filter.ExcludeFilterContextCustomizer@62cfaf9, org.springframework.boot.test.json.DuplicateJsonObjectContextCustomizerFactory$DuplicateJsonObjectContextCustomizer@2a1fb8af, org.springframework.boot.test.mock.mockito.MockitoContextCustomizer@0], contextLoader = 'org.springframework.boot.test.context.SpringBootContextLoader', parent = [null]], attributes = map[[empty]]]; transaction manager [org.springframework.orm.jpa.JpaTransactionManager@37d70fff]; rollback [true]
Hibernate: select pettype0_.id as id1_3_, pettype0_.name as name2_3_ from types pettype0_ order by pettype0_.name
2019-10-14 15:21:27.855  INFO 16120 --- [    Test worker] o.s.t.c.transaction.TransactionContext   : Rolled back transaction for test: [DefaultTestContext@1d3e9de0 testClass = ClinicServiceTests, testInstance = org.springframework.samples.petclinic.service.ClinicServiceTests@3cec0d31, testMethod = shouldFindAllPetTypes@ClinicServiceTests, testException = [null], mergedContextConfiguration = [MergedContextConfiguration@58ce8f30 testClass = ClinicServiceTests, locations = '{}', classes = '{class org.springframework.samples.petclinic.PetClinicApplication}', contextInitializerClasses = '[]', activeProfiles = '{}', propertySourceLocations = '{}', propertySourceProperties = '{org.springframework.boot.test.autoconfigure.orm.jpa.DataJpaTestContextBootstrapper=true}', contextCustomizers = set[org.springframework.boot.test.autoconfigure.OverrideAutoConfigurationContextCustomizerFactory$DisableAutoConfigurationContextCustomizer@33f49c50, org.springframework.boot.test.autoconfigure.filter.TypeExcludeFiltersContextCustomizer@eb633e70, org.springframework.boot.test.autoconfigure.properties.PropertyMappingContextCustomizer@37f324cd, org.springframework.boot.test.autoconfigure.web.servlet.WebDriverContextCustomizerFactory$Customizer@75696d8f, [ImportsContextCustomizer@45b8818f key = [org.springframework.boot.autoconfigure.cache.CacheAutoConfiguration, org.springframework.boot.autoconfigure.data.jpa.JpaRepositoriesAutoConfiguration, org.springframework.boot.autoconfigure.flyway.FlywayAutoConfiguration, org.springframework.boot.autoconfigure.jdbc.DataSourceAutoConfiguration, org.springframework.boot.autoconfigure.jdbc.DataSourceTransactionManagerAutoConfiguration, org.springframework.boot.autoconfigure.jdbc.JdbcTemplateAutoConfiguration, org.springframework.boot.autoconfigure.liquibase.LiquibaseAutoConfiguration, org.springframework.boot.autoconfigure.orm.jpa.HibernateJpaAutoConfiguration, org.springframework.boot.autoconfigure.transaction.TransactionAutoConfiguration, org.springframework.boot.test.autoconfigure.jdbc.TestDatabaseAutoConfiguration, org.springframework.boot.test.autoconfigure.orm.jpa.TestEntityManagerAutoConfiguration]], org.springframework.boot.test.context.filter.ExcludeFilterContextCustomizer@62cfaf9, org.springframework.boot.test.json.DuplicateJsonObjectContextCustomizerFactory$DuplicateJsonObjectContextCustomizer@2a1fb8af, org.springframework.boot.test.mock.mockito.MockitoContextCustomizer@0], contextLoader = 'org.springframework.boot.test.context.SpringBootContextLoader', parent = [null]], attributes = map[[empty]]]
2019-10-14 15:21:27.856  INFO 16120 --- [    Test worker] o.s.t.c.transaction.TransactionContext   : Began transaction (1) for test context [DefaultTestContext@1d3e9de0 testClass = ClinicServiceTests, testInstance = org.springframework.samples.petclinic.service.ClinicServiceTests@230444c, testMethod = shouldFindPetWithCorrectId@ClinicServiceTests, testException = [null], mergedContextConfiguration = [MergedContextConfiguration@58ce8f30 testClass = ClinicServiceTests, locations = '{}', classes = '{class org.springframework.samples.petclinic.PetClinicApplication}', contextInitializerClasses = '[]', activeProfiles = '{}', propertySourceLocations = '{}', propertySourceProperties = '{org.springframework.boot.test.autoconfigure.orm.jpa.DataJpaTestContextBootstrapper=true}', contextCustomizers = set[org.springframework.boot.test.autoconfigure.OverrideAutoConfigurationContextCustomizerFactory$DisableAutoConfigurationContextCustomizer@33f49c50, org.springframework.boot.test.autoconfigure.filter.TypeExcludeFiltersContextCustomizer@eb633e70, org.springframework.boot.test.autoconfigure.properties.PropertyMappingContextCustomizer@37f324cd, org.springframework.boot.test.autoconfigure.web.servlet.WebDriverContextCustomizerFactory$Customizer@75696d8f, [ImportsContextCustomizer@45b8818f key = [org.springframework.boot.autoconfigure.cache.CacheAutoConfiguration, org.springframework.boot.autoconfigure.data.jpa.JpaRepositoriesAutoConfiguration, org.springframework.boot.autoconfigure.flyway.FlywayAutoConfiguration, org.springframework.boot.autoconfigure.jdbc.DataSourceAutoConfiguration, org.springframework.boot.autoconfigure.jdbc.DataSourceTransactionManagerAutoConfiguration, org.springframework.boot.autoconfigure.jdbc.JdbcTemplateAutoConfiguration, org.springframework.boot.autoconfigure.liquibase.LiquibaseAutoConfiguration, org.springframework.boot.autoconfigure.orm.jpa.HibernateJpaAutoConfiguration, org.springframework.boot.autoconfigure.transaction.TransactionAutoConfiguration, org.springframework.boot.test.autoconfigure.jdbc.TestDatabaseAutoConfiguration, org.springframework.boot.test.autoconfigure.orm.jpa.TestEntityManagerAutoConfiguration]], org.springframework.boot.test.context.filter.ExcludeFilterContextCustomizer@62cfaf9, org.springframework.boot.test.json.DuplicateJsonObjectContextCustomizerFactory$DuplicateJsonObjectContextCustomizer@2a1fb8af, org.springframework.boot.test.mock.mockito.MockitoContextCustomizer@0], contextLoader = 'org.springframework.boot.test.context.SpringBootContextLoader', parent = [null]], attributes = map[[empty]]]; transaction manager [org.springframework.orm.jpa.JpaTransactionManager@37d70fff]; rollback [true]
Hibernate: select pet0_.id as id1_1_0_, pet0_.name as name2_1_0_, pet0_.birth_date as birth_da3_1_0_, pet0_.owner_id as owner_id4_1_0_, pet0_.type_id as type_id5_1_0_, owner1_.id as id1_0_1_, owner1_.first_name as first_na2_0_1_, owner1_.last_name as last_nam3_0_1_, owner1_.address as address4_0_1_, owner1_.city as city5_0_1_, owner1_.telephone as telephon6_0_1_, pettype2_.id as id1_3_2_, pettype2_.name as name2_3_2_ from pets pet0_ left outer join owners owner1_ on pet0_.owner_id=owner1_.id left outer join types pettype2_ on pet0_.type_id=pettype2_.id where pet0_.id=?
2019-10-14 15:21:27.861  INFO 16120 --- [    Test worker] o.s.t.c.transaction.TransactionContext   : Rolled back transaction for test: [DefaultTestContext@1d3e9de0 testClass = ClinicServiceTests, testInstance = org.springframework.samples.petclinic.service.ClinicServiceTests@230444c, testMethod = shouldFindPetWithCorrectId@ClinicServiceTests, testException = [null], mergedContextConfiguration = [MergedContextConfiguration@58ce8f30 testClass = ClinicServiceTests, locations = '{}', classes = '{class org.springframework.samples.petclinic.PetClinicApplication}', contextInitializerClasses = '[]', activeProfiles = '{}', propertySourceLocations = '{}', propertySourceProperties = '{org.springframework.boot.test.autoconfigure.orm.jpa.DataJpaTestContextBootstrapper=true}', contextCustomizers = set[org.springframework.boot.test.autoconfigure.OverrideAutoConfigurationContextCustomizerFactory$DisableAutoConfigurationContextCustomizer@33f49c50, org.springframework.boot.test.autoconfigure.filter.TypeExcludeFiltersContextCustomizer@eb633e70, org.springframework.boot.test.autoconfigure.properties.PropertyMappingContextCustomizer@37f324cd, org.springframework.boot.test.autoconfigure.web.servlet.WebDriverContextCustomizerFactory$Customizer@75696d8f, [ImportsContextCustomizer@45b8818f key = [org.springframework.boot.autoconfigure.cache.CacheAutoConfiguration, org.springframework.boot.autoconfigure.data.jpa.JpaRepositoriesAutoConfiguration, org.springframework.boot.autoconfigure.flyway.FlywayAutoConfiguration, org.springframework.boot.autoconfigure.jdbc.DataSourceAutoConfiguration, org.springframework.boot.autoconfigure.jdbc.DataSourceTransactionManagerAutoConfiguration, org.springframework.boot.autoconfigure.jdbc.JdbcTemplateAutoConfiguration, org.springframework.boot.autoconfigure.liquibase.LiquibaseAutoConfiguration, org.springframework.boot.autoconfigure.orm.jpa.HibernateJpaAutoConfiguration, org.springframework.boot.autoconfigure.transaction.TransactionAutoConfiguration, org.springframework.boot.test.autoconfigure.jdbc.TestDatabaseAutoConfiguration, org.springframework.boot.test.autoconfigure.orm.jpa.TestEntityManagerAutoConfiguration]], org.springframework.boot.test.context.filter.ExcludeFilterContextCustomizer@62cfaf9, org.springframework.boot.test.json.DuplicateJsonObjectContextCustomizerFactory$DuplicateJsonObjectContextCustomizer@2a1fb8af, org.springframework.boot.test.mock.mockito.MockitoContextCustomizer@0], contextLoader = 'org.springframework.boot.test.context.SpringBootContextLoader', parent = [null]], attributes = map[[empty]]]
]]></system-out>
  <system-err><![CDATA[]]></system-err>
</testsuite>
